2025-10-25 11:15:04, MOVE, v:1, k:poo@charger, mode:PICK
2025-10-25 11:15:07, EXEC, v:1, k:poo@charger, mode:FULL, rate:15
2025-10-25 11:18:11, EXEC, v:1, k:poo@charger, mode:FULL, rate:15, size:143
2025-10-25 11:18:21, EXEC, v:1, k:poo@charger, mode:FULL, rate:15
2025-10-25 11:18:56, EXEC, v:1, k:poo@charger, mode:FULL, rate:15, size:143
2025-10-25 11:19:38, EXEC, v:1, k:poo@charger, mode:FULL, rate:15, size:142
2025-10-25 11:19:55, EXEC, v:1, k:poo@charger, mode:FREE
2025-10-25 11:21:59, EXEC, v:1, k:poo@charger, mode:FULL, rate:15, size:143
2025-10-25 11:22:29, EXEC, v:1, k:poo@charger, mode:FULL, rate:15, size:143
2025-10-25 11:22:45, EXEC, v:1, k:poo@charger, mode:FULL, rate:15, size:143
2025-10-25 11:24:16, EXEC, v:1, k:poo@charger, mode:FULL, rate:20, size:145
2025-10-25 11:26:00, EXEC, v:1, k:poo@charger, mode:FULL, rate:20, size:144
2025-10-25 11:36:22, EXEC, v:1, k:poo@charger, mode:FULL, rate:0, size:156
2025-10-25 11:42:08, MOVE, v:1, k:poo@charger, mode:BACK
2025-10-25 11:51:59, MOVE, v:1, k:poo@charger, mode:PICK
2025-10-25 11:52:00, EXEC, v:1, k:poo@charger, mode:FULL, rate:0
2025-10-25 11:52:27, MOVE, v:1, k:poo@charger, mode:BACK
2025-10-25 23:14:57, MOVE, v:1, k:poo@motoca, mode:PICK
2025-10-25 23:15:00, EXEC, v:1, k:poo@motoca, mode:FULL, rate:0, size:56
2025-10-25 23:28:42, MOVE, v:1, k:poo@motoca, mode:BACK
2025-10-25 23:28:53, MOVE, v:1, k:poo@motoca, mode:PICK
2025-10-25 23:28:54, EXEC, v:1, k:poo@motoca, mode:FULL, rate:0, size:62
2025-10-25 23:28:55, MOVE, v:1, k:poo@motoca, mode:BACK
2025-10-25 23:47:09, MOVE, v:1, k:poo@motoca, mode:PICK
2025-10-25 23:47:10, EXEC, v:1, k:poo@motoca, mode:FULL, rate:0, size:99
2025-10-25 23:47:14, EXEC, v:1, k:poo@motoca, mode:FULL, rate:0
2025-10-25 23:47:15, EXEC, v:1, k:poo@motoca, mode:FULL, rate:0
2025-10-25 23:47:15, EXEC, v:1, k:poo@motoca, mode:FULL, rate:0
2025-10-25 23:47:15, EXEC, v:1, k:poo@motoca, mode:FULL, rate:0
2025-10-25 23:47:16, EXEC, v:1, k:poo@motoca, mode:FULL, rate:0
2025-10-25 23:47:16, EXEC, v:1, k:poo@motoca, mode:FULL, rate:0
2025-10-25 23:47:16, EXEC, v:1, k:poo@motoca, mode:FULL, rate:0
2025-10-25 23:47:16, EXEC, v:1, k:poo@motoca, mode:FULL, rate:0
2025-10-25 23:47:17, EXEC, v:1, k:poo@motoca, mode:FULL, rate:0
2025-10-25 23:47:17, EXEC, v:1, k:poo@motoca, mode:FULL, rate:0
2025-10-25 23:47:17, EXEC, v:1, k:poo@motoca, mode:FULL, rate:0
2025-10-25 23:47:18, EXEC, v:1, k:poo@motoca, mode:FULL, rate:0
2025-10-25 23:47:22, EXEC, v:1, k:poo@motoca, mode:FULL, rate:0
2025-10-25 23:47:23, EXEC, v:1, k:poo@motoca, mode:FULL, rate:0
2025-10-25 23:47:23, EXEC, v:1, k:poo@motoca, mode:FULL, rate:0
2025-10-25 23:47:24, EXEC, v:1, k:poo@motoca, mode:FULL, rate:0
2025-10-25 23:47:25, EXEC, v:1, k:poo@motoca, mode:FULL, rate:0
2025-10-25 23:50:15, EXEC, v:1, k:poo@motoca, mode:FULL, rate:0, size:99
2025-10-25 23:50:24, EXEC, v:1, k:poo@motoca, mode:FULL, rate:0
2025-10-25 23:50:24, EXEC, v:1, k:poo@motoca, mode:FULL, rate:0
2025-10-25 23:50:24, EXEC, v:1, k:poo@motoca, mode:FULL, rate:0
2025-10-25 23:50:25, EXEC, v:1, k:poo@motoca, mode:FULL, rate:0
2025-10-25 23:50:25, EXEC, v:1, k:poo@motoca, mode:FULL, rate:0
2025-10-25 23:50:25, EXEC, v:1, k:poo@motoca, mode:FULL, rate:0
2025-10-25 23:50:25, EXEC, v:1, k:poo@motoca, mode:FULL, rate:0
2025-10-25 23:50:25, EXEC, v:1, k:poo@motoca, mode:FULL, rate:0
2025-10-25 23:50:25, EXEC, v:1, k:poo@motoca, mode:FULL, rate:0
2025-10-25 23:51:19, EXEC, v:1, k:poo@motoca, mode:FULL, rate:6, size:99
2025-10-25 23:51:37, EXEC, v:1, k:poo@motoca, mode:FULL, rate:6, size:99
2025-10-25 23:51:55, EXEC, v:1, k:poo@motoca, mode:FULL, rate:13, size:99
2025-10-25 23:52:37, EXEC, v:1, k:poo@motoca, mode:FULL, rate:20, size:99
2025-10-25 23:53:12, EXEC, v:1, k:poo@motoca, mode:FULL, rate:33, size:99
2025-10-25 23:54:26, EXEC, v:1, k:poo@motoca, mode:FULL, rate:80, size:99
2025-10-25 23:55:24, EXEC, v:1, k:poo@motoca, mode:FULL, rate:93, size:99
2025-10-25 23:57:05, EXEC, v:1, k:poo@motoca, mode:FULL, rate:100, size:100
2025-10-25 23:57:15, MOVE, v:1, k:poo@motoca, mode:BACK
